2019-03-15 10:36:07.866  INFO 6976 --- [main] c.z.s.SpringbootleApplicationTests       : Starting SpringbootleApplicationTests on DESKTOP-H3DD9BD with PID 6976 (started by 57811 in F:\proj\springbootle)
2019-03-15 10:36:07.881 DEBUG 6976 --- [main] c.z.s.SpringbootleApplicationTests       : Running with Spring Boot v2.0.6.RELEASE, Spring v5.0.10.RELEASE
2019-03-15 10:36:07.884  INFO 6976 --- [main] c.z.s.SpringbootleApplicationTests       : No active profile set, falling back to default profiles: default
2019-03-15 10:36:08.007  INFO 6976 --- [main] o.s.w.c.s.GenericWebApplicationContext   : Refreshing org.springframework.web.context.support.GenericWebApplicationContext@4e928fbf: startup date [Fri Mar 15 10:36:08 CST 2019]; root of context hierarchy
2019-03-15 10:36:12.144  INFO 6976 --- [main] trationDelegate$BeanPostProcessorChecker : Bean 'org.springframework.transaction.annotation.ProxyTransactionManagementConfiguration' of type [org.springframework.transaction.annotation.ProxyTransactionManagementConfiguration$$EnhancerBySpringCGLIB$$78d3c606] is not eligible for getting processed by all BeanPostProcessors (for example: not eligible for auto-proxying)
2019-03-15 10:36:13.470  INFO 6976 --- [main] com.alibaba.druid.pool.DruidDataSource   : {dataSource-1} inited
2019-03-15 10:36:13.547  INFO 6976 --- [main] j.LocalContainerEntityManagerFactoryBean : Building JPA container EntityManagerFactory for persistence unit 'default'
2019-03-15 10:36:13.579  INFO 6976 --- [main] o.hibernate.jpa.internal.util.LogHelper  : HHH000204: Processing PersistenceUnitInfo [
	name: default
	...]
2019-03-15 10:36:13.722  INFO 6976 --- [main] org.hibernate.Version                    : HHH000412: Hibernate Core {5.2.17.Final}
2019-03-15 10:36:13.725  INFO 6976 --- [main] org.hibernate.cfg.Environment            : HHH000206: hibernate.properties not found
2019-03-15 10:36:13.798  INFO 6976 --- [main] o.hibernate.annotations.common.Version   : HCANN000001: Hibernate Commons Annotations {5.0.1.Final}
2019-03-15 10:36:14.135  INFO 6976 --- [main] org.hibernate.dialect.Dialect            : HHH000400: Using dialect: org.hibernate.dialect.MySQL5Dialect
2019-03-15 10:36:16.111  INFO 6976 --- [main] j.LocalContainerEntityManagerFactoryBean : Initialized JPA EntityManagerFactory for persistence unit 'default'
2019-03-15 10:36:17.901  INFO 6976 --- [main] o.s.w.s.handler.SimpleUrlHandlerMapping  : Mapped URL path [/**/favicon.ico] onto handler of type [class org.springframework.web.servlet.resource.ResourceHttpRequestHandler]
2019-03-15 10:36:18.382  INFO 6976 --- [main] s.w.s.m.m.a.RequestMappingHandlerAdapter : Looking for @ControllerAdvice: org.springframework.web.context.support.GenericWebApplicationContext@4e928fbf: startup date [Fri Mar 15 10:36:08 CST 2019]; root of context hierarchy
2019-03-15 10:36:18.467  WARN 6976 --- [main] aWebConfiguration$JpaWebMvcConfiguration : spring.jpa.open-in-view is enabled by default. Therefore, database queries may be performed during view rendering. Explicitly configure spring.jpa.open-in-view to disable this warning
2019-03-15 10:36:18.530  INFO 6976 --- [main] s.w.s.m.m.a.RequestMappingHandlerMapping : Mapped "{[/dept/{id}],methods=[GET]}" onto public com.zhu.springbootle.bean.Department com.zhu.springbootle.controller.DeptController.getDepartment(java.lang.Integer)
2019-03-15 10:36:18.531  INFO 6976 --- [main] s.w.s.m.m.a.RequestMappingHandlerMapping : Mapped "{[/emp1/{id}],methods=[GET]}" onto public com.zhu.springbootle.bean.Employee com.zhu.springbootle.controller.DeptController.getEmp(java.lang.Integer)
2019-03-15 10:36:18.532  INFO 6976 --- [main] s.w.s.m.m.a.RequestMappingHandlerMapping : Mapped "{[/dept],methods=[GET]}" onto public com.zhu.springbootle.bean.Department com.zhu.springbootle.controller.DeptController.insertDept(com.zhu.springbootle.bean.Department)
2019-03-15 10:36:18.539  INFO 6976 --- [main] s.w.s.m.m.a.RequestMappingHandlerMapping : Mapped "{[/emps],methods=[GET]}" onto public java.lang.String com.zhu.springbootle.controller.EmployeeController.list(org.springframework.ui.Model)
2019-03-15 10:36:18.540  INFO 6976 --- [main] s.w.s.m.m.a.RequestMappingHandlerMapping : Mapped "{[/emp],methods=[GET]}" onto public java.lang.String com.zhu.springbootle.controller.EmployeeController.toAddPage(org.springframework.ui.Model)
2019-03-15 10:36:18.541  INFO 6976 --- [main] s.w.s.m.m.a.RequestMappingHandlerMapping : Mapped "{[/emp],methods=[POST]}" onto public java.lang.String com.zhu.springbootle.controller.EmployeeController.addEmp(com.zhu.springbootle.entities.Employee)
2019-03-15 10:36:18.541  INFO 6976 --- [main] s.w.s.m.m.a.RequestMappingHandlerMapping : Mapped "{[/emp/{id}],methods=[GET]}" onto public java.lang.String com.zhu.springbootle.controller.EmployeeController.toEditPage(java.lang.Integer,org.springframework.ui.Model)
2019-03-15 10:36:18.541  INFO 6976 --- [main] s.w.s.m.m.a.RequestMappingHandlerMapping : Mapped "{[/emp],methods=[PUT]}" onto public java.lang.String com.zhu.springbootle.controller.EmployeeController.updateEmployee(com.zhu.springbootle.entities.Employee)
2019-03-15 10:36:18.542  INFO 6976 --- [main] s.w.s.m.m.a.RequestMappingHandlerMapping : Mapped "{[/emp/{id}],methods=[DELETE]}" onto public java.lang.String com.zhu.springbootle.controller.EmployeeController.deleteEmployee(java.lang.Integer)
2019-03-15 10:36:18.543  INFO 6976 --- [main] s.w.s.m.m.a.RequestMappingHandlerMapping : Mapped "{[/query],methods=[GET]}" onto public java.util.Map<java.lang.String, java.lang.Object> com.zhu.springbootle.controller.helloController.map()
2019-03-15 10:36:18.544  INFO 6976 --- [main] s.w.s.m.m.a.RequestMappingHandlerMapping : Mapped "{[/success]}" onto public java.lang.String com.zhu.springbootle.controller.helloController.success(java.util.Map<java.lang.String, java.lang.Object>)
2019-03-15 10:36:18.545  INFO 6976 --- [main] s.w.s.m.m.a.RequestMappingHandlerMapping : Mapped "{[/hello]}" onto public java.lang.String com.zhu.springbootle.controller.helloController.hello(java.lang.String)
2019-03-15 10:36:18.545  INFO 6976 --- [main] s.w.s.m.m.a.RequestMappingHandlerMapping : Mapped "{[/user/login],methods=[POST]}" onto public java.lang.String com.zhu.springbootle.controller.LoginController.login(java.lang.String,java.lang.String,java.util.Map<java.lang.String, java.lang.Object>,javax.servlet.http.HttpSession)
2019-03-15 10:36:18.547  INFO 6976 --- [main] s.w.s.m.m.a.RequestMappingHandlerMapping : Mapped "{[/user/{id}],methods=[GET]}" onto public java.util.Optional com.zhu.springbootle.controller.UserController.getUser(java.lang.Integer)
2019-03-15 10:36:18.548  INFO 6976 --- [main] s.w.s.m.m.a.RequestMappingHandlerMapping : Mapped "{[/user],methods=[GET]}" onto public com.zhu.springbootle.entity.User com.zhu.springbootle.controller.UserController.insertuser(com.zhu.springbootle.entity.User)
2019-03-15 10:36:18.551  INFO 6976 --- [main] s.w.s.m.m.a.RequestMappingHandlerMapping : Mapped "{[/error]}" onto public org.springframework.http.ResponseEntity<java.util.Map<java.lang.String, java.lang.Object>> org.springframework.boot.autoconfigure.web.servlet.error.BasicErrorController.error(javax.servlet.http.HttpServletRequest)
2019-03-15 10:36:18.553  INFO 6976 --- [main] s.w.s.m.m.a.RequestMappingHandlerMapping : Mapped "{[/error],produces=[text/html]}" onto public org.springframework.web.servlet.ModelAndView org.springframework.boot.autoconfigure.web.servlet.error.BasicErrorController.errorHtml(javax.servlet.http.HttpServletRequest,javax.servlet.http.HttpServletResponse)
2019-03-15 10:36:18.566  INFO 6976 --- [main] o.s.w.s.handler.SimpleUrlHandlerMapping  : Mapped URL path [/zhuzhuxia] onto handler of type [class org.springframework.web.servlet.mvc.ParameterizableViewController]
2019-03-15 10:36:18.566  INFO 6976 --- [main] o.s.w.s.handler.SimpleUrlHandlerMapping  : Root mapping to handler of type [class org.springframework.web.servlet.mvc.ParameterizableViewController]
2019-03-15 10:36:18.566  INFO 6976 --- [main] o.s.w.s.handler.SimpleUrlHandlerMapping  : Mapped URL path [/index.html] onto handler of type [class org.springframework.web.servlet.mvc.ParameterizableViewController]
2019-03-15 10:36:18.566  INFO 6976 --- [main] o.s.w.s.handler.SimpleUrlHandlerMapping  : Mapped URL path [/main.html] onto handler of type [class org.springframework.web.servlet.mvc.ParameterizableViewController]
2019-03-15 10:36:18.617  INFO 6976 --- [main] o.s.w.s.handler.SimpleUrlHandlerMapping  : Mapped URL path [/webjars/**] onto handler of type [class org.springframework.web.servlet.resource.ResourceHttpRequestHandler]
2019-03-15 10:36:18.617  INFO 6976 --- [main] o.s.w.s.handler.SimpleUrlHandlerMapping  : Mapped URL path [/**] onto handler of type [class org.springframework.web.servlet.resource.ResourceHttpRequestHandler]
2019-03-15 10:36:18.662  INFO 6976 --- [main] .m.m.a.ExceptionHandlerExceptionResolver : Detected @ExceptionHandler methods in myExpceptionHandler
2019-03-15 10:36:19.200  INFO 6976 --- [main] c.z.s.SpringbootleApplicationTests       : Started SpringbootleApplicationTests in 12.56 seconds (JVM running for 14.84)
2019-03-15 10:36:19.514 DEBUG 6976 --- [main] c.z.s.mapper.EmployeeMapper.getEmpById   : ==>  Preparing: SELECT * FROM employee WHERE id=? 
2019-03-15 10:36:20.236 DEBUG 6976 --- [main] c.z.s.mapper.EmployeeMapper.getEmpById   : ==> Parameters: 1(Integer)
2019-03-15 10:36:20.264 TRACE 6976 --- [main] c.z.s.mapper.EmployeeMapper.getEmpById   : <==    Columns: id, lastName, email, gender, d_id
2019-03-15 10:36:20.267 TRACE 6976 --- [main] c.z.s.mapper.EmployeeMapper.getEmpById   : <==        Row: 1, c, z, 1, 1
2019-03-15 10:36:20.272 DEBUG 6976 --- [main] c.z.s.mapper.EmployeeMapper.getEmpById   : <==      Total: 1
2019-03-15 10:36:20.282  INFO 6976 --- [Thread-2] o.s.w.c.s.GenericWebApplicationContext   : Closing org.springframework.web.context.support.GenericWebApplicationContext@4e928fbf: startup date [Fri Mar 15 10:36:08 CST 2019]; root of context hierarchy
2019-03-15 10:36:20.289  INFO 6976 --- [Thread-2] j.LocalContainerEntityManagerFactoryBean : Closing JPA EntityManagerFactory for persistence unit 'default'
2019-03-15 10:36:20.295  INFO 6976 --- [Thread-2] com.alibaba.druid.pool.DruidDataSource   : {dataSource-1} closed
